objc[4707]: Class AXEmojiUtilities is implemented in both /Applications/Xcode.app/Contents/Developer/Platforms/iPhoneSimulator.platform/Developer/SDKs/iPhoneSimulator7.1.sdk/System/Library/PrivateFrameworks/AccessibilityUtilities.framework/AccessibilityUtilities and /Applications/Xcode.app/Contents/Developer/Platforms/iPhoneSimulator.platform/Developer/SDKs/iPhoneSimulator7.1.sdk/usr/lib/libAXSpeechManager.dylib. One of the two will be used. Which one is undefined.
2014-08-23 19:07:26.276 Danube Delta[4707:70b] Cannot find executable for CFBundle 0xbe68b00 </Applications/Xcode.app/Contents/Developer/Platforms/iPhoneSimulator.platform/Developer/SDKs/iPhoneSimulator7.1.sdk/System/Library/AccessibilityBundles/GeoServices.axbundle> (not loaded)
2014-08-23 19:07:26.291 Danube Delta[4707:70b] Cannot find executable for CFBundle 0xcf3a220 </Applications/Xcode.app/Contents/Developer/Platforms/iPhoneSimulator.platform/Developer/SDKs/iPhoneSimulator7.1.sdk/System/Library/AccessibilityBundles/CertUIFramework.axbundle> (not loaded)
2014-08-23 19:07:26.295 Danube Delta[4707:70b] Cannot find executable for CFBundle 0xbe9f6f0 </Applications/Xcode.app/Contents/Developer/Platforms/iPhoneSimulator.platform/Developer/SDKs/iPhoneSimulator7.1.sdk/System/Library/AccessibilityBundles/MusicLibrary.axbundle> (not loaded)
2014-08-23 19:07:26.314 Danube Delta[4707:70b] Multi-tasking -> Device: YES, App: YES
2014-08-23 19:07:26.319 Danube Delta[4707:70b] Unlimited access to network resources
2014-08-23 19:07:26.321 Danube Delta[4707:70b] 

Started backup to iCloud! Please be careful.
Your application might rejected by Apple if you store too much data.
For more information please read "iOS Data Storage Guidelines"
You could find it at the following address https://developer.apple.com/icloud/documentation/data-storage/ .

2014-08-23 19:07:26.349 Danube Delta[4707:70b] Resetting plugins due to page load.
2014-08-23 19:07:26.460 Danube Delta[4707:70b] Finished load of: file:///Users/da_petcu21/Library/Application%20Support/iPhone%20Simulator/7.1/Applications/C923AE63-3C76-47B7-9ABA-33D47A9FF3B6/Danube%20Delta.app/www/index.html
objc[61103]: Class AXEmojiUtilities is implemented in both /Applications/Xcode.app/Contents/Developer/Platforms/iPhoneSimulator.platform/Developer/SDKs/iPhoneSimulator7.1.sdk/System/Library/PrivateFrameworks/AccessibilityUtilities.framework/AccessibilityUtilities and /Applications/Xcode.app/Contents/Developer/Platforms/iPhoneSimulator.platform/Developer/SDKs/iPhoneSimulator7.1.sdk/usr/lib/libAXSpeechManager.dylib. One of the two will be used. Which one is undefined.
2014-08-26 18:25:04.547 Danube Delta[61103:70b] Cannot find executable for CFBundle 0xbdd7500 </Applications/Xcode.app/Contents/Developer/Platforms/iPhoneSimulator.platform/Developer/SDKs/iPhoneSimulator7.1.sdk/System/Library/AccessibilityBundles/CertUIFramework.axbundle> (not loaded)
2014-08-26 18:25:04.553 Danube Delta[61103:70b] Cannot find executable for CFBundle 0xcacaad0 </Applications/Xcode.app/Contents/Developer/Platforms/iPhoneSimulator.platform/Developer/SDKs/iPhoneSimulator7.1.sdk/System/Library/AccessibilityBundles/MusicLibrary.axbundle> (not loaded)
2014-08-26 18:25:04.556 Danube Delta[61103:70b] Cannot find executable for CFBundle 0xcae16e0 </Applications/Xcode.app/Contents/Developer/Platforms/iPhoneSimulator.platform/Developer/SDKs/iPhoneSimulator7.1.sdk/System/Library/AccessibilityBundles/GeoServices.axbundle> (not loaded)
2014-08-26 18:25:04.589 Danube Delta[61103:70b] Multi-tasking -> Device: YES, App: YES
2014-08-26 18:25:04.594 Danube Delta[61103:70b] Unlimited access to network resources
2014-08-26 18:25:04.596 Danube Delta[61103:70b] 

Started backup to iCloud! Please be careful.
Your application might rejected by Apple if you store too much data.
For more information please read "iOS Data Storage Guidelines"
You could find it at the following address https://developer.apple.com/icloud/documentation/data-storage/ .

2014-08-26 18:25:04.615 Danube Delta[61103:70b] [CDVTimer][statusbar] 5.950987ms
2014-08-26 18:25:04.616 Danube Delta[61103:70b] [CDVTimer][TotalPluginStartup] 6.429970ms
2014-08-26 18:25:04.676 Danube Delta[61103:70b] Resetting plugins due to page load.
2014-08-26 18:25:04.810 Danube Delta[61103:70b] Finished load of: file:///Users/da_petcu21/Library/Application%20Support/iPhone%20Simulator/7.1/Applications/C923AE63-3C76-47B7-9ABA-33D47A9FF3B6/Danube%20Delta.app/www/index.html
objc[63928]: Class AXEmojiUtilities is implemented in both /Applications/Xcode.app/Contents/Developer/Platforms/iPhoneSimulator.platform/Developer/SDKs/iPhoneSimulator7.1.sdk/System/Library/PrivateFrameworks/AccessibilityUtilities.framework/AccessibilityUtilities and /Applications/Xcode.app/Contents/Developer/Platforms/iPhoneSimulator.platform/Developer/SDKs/iPhoneSimulator7.1.sdk/usr/lib/libAXSpeechManager.dylib. One of the two will be used. Which one is undefined.
2014-08-26 18:26:16.419 Danube Delta[63928:70b] Cannot find executable for CFBundle 0xc133270 </Applications/Xcode.app/Contents/Developer/Platforms/iPhoneSimulator.platform/Developer/SDKs/iPhoneSimulator7.1.sdk/System/Library/AccessibilityBundles/CertUIFramework.axbundle> (not loaded)
2014-08-26 18:26:16.444 Danube Delta[63928:70b] Cannot find executable for CFBundle 0xc13da00 </Applications/Xcode.app/Contents/Developer/Platforms/iPhoneSimulator.platform/Developer/SDKs/iPhoneSimulator7.1.sdk/System/Library/AccessibilityBundles/MusicLibrary.axbundle> (not loaded)
2014-08-26 18:26:16.447 Danube Delta[63928:70b] Cannot find executable for CFBundle 0xbd48dd0 </Applications/Xcode.app/Contents/Developer/Platforms/iPhoneSimulator.platform/Developer/SDKs/iPhoneSimulator7.1.sdk/System/Library/AccessibilityBundles/GeoServices.axbundle> (not loaded)
2014-08-26 18:26:16.470 Danube Delta[63928:70b] Multi-tasking -> Device: YES, App: YES
2014-08-26 18:26:16.476 Danube Delta[63928:70b] Unlimited access to network resources
2014-08-26 18:26:16.478 Danube Delta[63928:70b] 

Started backup to iCloud! Please be careful.
Your application might rejected by Apple if you store too much data.
For more information please read "iOS Data Storage Guidelines"
You could find it at the following address https://developer.apple.com/icloud/documentation/data-storage/ .

2014-08-26 18:26:16.500 Danube Delta[63928:70b] [CDVTimer][statusbar] 6.567001ms
2014-08-26 18:26:16.500 Danube Delta[63928:70b] [CDVTimer][TotalPluginStartup] 7.076979ms
2014-08-26 18:26:16.561 Danube Delta[63928:70b] Resetting plugins due to page load.
2014-08-26 18:26:16.749 Danube Delta[63928:70b] Finished load of: file:///Users/da_petcu21/Library/Application%20Support/iPhone%20Simulator/7.1/Applications/C923AE63-3C76-47B7-9ABA-33D47A9FF3B6/Danube%20Delta.app/www/index.html
